<?xml version="1.0" encoding="UTF-8"?>
<testng-results skipped="0" failed="0" ignored="0" total="1" passed="1">
  <reporter-output>
  </reporter-output>
  <suite name="Suite" duration-ms="11612" started-at="2020-05-29T08:30:04Z" finished-at="2020-05-29T08:30:15Z">
    <groups>
    </groups>
    <test name="Test" duration-ms="11612" started-at="2020-05-29T08:30:04Z" finished-at="2020-05-29T08:30:15Z">
      <class name="CONT.CONT.App">
        <test-method status="PASS" signature="getBrowser()[pri:0, instance:CONT.CONT.App@62fdb4a6]" name="getBrowser" duration-ms="11526" started-at="2020-05-29T14:00:04Z" finished-at="2020-05-29T14:00:15Z">
          <reporter-output>
          </reporter-output>
        </test-method> <!-- getBrowser -->
      </class> <!-- CONT.CONT.App -->
    </test> <!-- Test -->
  </suite> <!-- Suite -->
</testng-results>
