<?xml version="1.0" encoding="UTF-8"?>
<testng-results skipped="0" failed="0" ignored="0" total="1" passed="1">
  <reporter-output>
  </reporter-output>
  <suite name="Suite" duration-ms="26977" started-at="2020-05-27T09:47:19Z" finished-at="2020-05-27T09:47:46Z">
    <groups>
    </groups>
    <test name="Test" duration-ms="26977" started-at="2020-05-27T09:47:19Z" finished-at="2020-05-27T09:47:46Z">
      <class name="CONT.CONT.App">
        <test-method status="PASS" signature="getBrowser()[pri:0, instance:CONT.CONT.App@2bbaf4f0]" name="getBrowser" duration-ms="26921" started-at="2020-05-27T15:17:20Z" finished-at="2020-05-27T15:17:46Z">
          <reporter-output>
          </reporter-output>
        </test-method> <!-- getBrowser -->
      </class> <!-- CONT.CONT.App -->
    </test> <!-- Test -->
  </suite> <!-- Suite -->
</testng-results>
