<?xml version="1.0" encoding="UTF-8"?>
<testng-results skipped="0" failed="0" ignored="0" total="1" passed="1">
  <reporter-output>
  </reporter-output>
  <suite name="Default suite" duration-ms="111237" started-at="2020-05-27T12:22:11 IST" finished-at="2020-05-27T12:24:03 IST">
    <groups>
    </groups>
    <test name="Default test" duration-ms="111237" started-at="2020-05-27T12:22:11 IST" finished-at="2020-05-27T12:24:03 IST">
      <class name="CONT.CONT.App">
        <test-method status="PASS" signature="getBrowser()[pri:0, instance:CONT.CONT.App@38d8f54a]" name="getBrowser" duration-ms="110693" started-at="2020-05-27T12:22:12 IST" finished-at="2020-05-27T12:24:03 IST">
          <reporter-output>
          </reporter-output>
        </test-method> <!-- getBrowser -->
      </class> <!-- CONT.CONT.App -->
    </test> <!-- Default test -->
  </suite> <!-- Default suite -->
</testng-results>
